2026-01-21 03:41:57 [ERROR]: error while user sign in
2026-01-21 03:42:41 [ERROR]: error while user sign in
2026-01-21 03:45:23 [ERROR]: error while user sign in
2026-01-21 03:47:13 [ERROR]: error while user sign in
2026-01-21 03:54:45 [INFO]: getUserProfile endpoint hit.
2026-01-21 03:54:45 [ERROR]: error while getting user Profile.
2026-01-21 03:55:47 [INFO]: getUserProfile endpoint hit.
2026-01-21 03:56:06 [INFO]: getUserProfile endpoint hit.
2026-01-21 03:56:27 [INFO]: getUserProfile endpoint hit.
2026-01-21 03:57:08 [INFO]: getUserProfile endpoint hit.
2026-01-21 04:07:57 [ERROR]: ReferenceError: sendEmail is not defined
    at userSignup (file:///C:/Users/ankes/Desktop/Talent-Iq/backend/src/controllers/userController.js:39:5)
    at process.processTicksAndRejections (node:internal/process/task_queues:103:5)
2026-01-21 04:30:05 [INFO]: getUserProfile endpoint hit.
2026-01-21 04:31:36 [INFO]: get all user endpoints hit..
2026-01-23 00:17:57 [INFO]: getUserProfile endpoint hit.
2026-01-23 01:11:46 [INFO]: getUserProfile endpoint hit.
2026-01-23 11:18:15 [ERROR]: error while getting submission :problemId is not defined
2026-01-23 11:18:18 [ERROR]: error while getting submission :problemId is not defined
2026-01-23 11:24:58 [ERROR]: error while getting problem submission :res.staus is not a function
2026-01-23 11:34:24 [ERROR]: error while getting submission :Cast to ObjectId failed for value "{ submissionId: '697279630efa9845ff4c0bb8' }" (type Object) at path "_id" for model "Submission"
2026-01-23 11:36:07 [ERROR]: error while getting submission :Class constructor ObjectId cannot be invoked without 'new'
2026-01-23 11:36:22 [ERROR]: error while getting submission :Argument passed in does not match the accepted types
2026-01-23 11:40:34 [ERROR]: error while getting problem submission :Cannot destructure property 'problemId' of 'req.body' as it is undefined.
2026-01-23 11:41:24 [ERROR]: error while getting problem submission :Cannot destructure property 'problemId' of 'req.body' as it is undefined.
2026-01-23 11:50:28 [INFO]: getUserProfile endpoint hit.
2026-01-23 11:53:22 [INFO]: promoteUser api hit.
2026-01-23 11:53:47 [INFO]: promoteUser api hit.
2026-01-23 11:54:24 [INFO]: promoteUser api hit.
2026-01-23 11:54:35 [INFO]: getUserProfile endpoint hit.
2026-01-23 11:54:39 [INFO]: getUserProfile endpoint hit.
2026-01-23 11:54:42 [INFO]: getUserProfile endpoint hit.
2026-01-23 11:54:49 [INFO]: promoteUser api hit.
2026-01-23 11:56:22 [INFO]: getUserProfile endpoint hit.
2026-01-23 11:59:17 [INFO]: getUserProfile endpoint hit.
2026-01-23 11:59:34 [INFO]: getUserProfile endpoint hit.
2026-01-23 12:02:20 [INFO]: getUserProfile endpoint hit.
2026-01-23 12:09:51 [INFO]: user demoted successfully
2026-01-23 12:10:00 [INFO]: getUserProfile endpoint hit.
2026-01-23 12:10:22 [INFO]: getUserProfile endpoint hit.
2026-01-28 00:12:33 [INFO]: get all problem endpoint hit......
2026-01-28 00:29:59 [INFO]: get all problem endpoint hit......
2026-01-28 00:29:59 [INFO]: get all problem endpoint hit......
2026-01-28 00:30:04 [INFO]: get all problem endpoint hit......
2026-01-28 00:30:04 [INFO]: get all problem endpoint hit......
2026-01-28 00:30:07 [INFO]: get all problem endpoint hit......
2026-01-28 00:30:07 [INFO]: get all problem endpoint hit......
2026-01-28 00:30:08 [INFO]: get all problem endpoint hit......
2026-01-28 00:30:08 [INFO]: get all problem endpoint hit......
2026-01-28 00:32:06 [INFO]: get all problem endpoint hit......
2026-01-28 00:32:06 [INFO]: get all problem endpoint hit......
2026-01-28 00:32:08 [INFO]: get all problem endpoint hit......
2026-01-28 00:32:08 [INFO]: get all problem endpoint hit......
2026-01-28 00:32:12 [INFO]: get all problem endpoint hit......
2026-01-28 00:32:12 [INFO]: get all problem endpoint hit......
2026-01-28 00:32:16 [INFO]: get all problem endpoint hit......
2026-01-28 00:32:16 [INFO]: get all problem endpoint hit......
2026-01-28 00:32:21 [INFO]: get all problem endpoint hit......
2026-01-28 00:32:21 [INFO]: get all problem endpoint hit......
2026-01-28 00:32:26 [INFO]: get all problem endpoint hit......
2026-01-28 00:32:26 [INFO]: get all problem endpoint hit......
2026-01-28 00:33:05 [INFO]: get all problem endpoint hit......
2026-01-28 00:33:05 [INFO]: get all problem endpoint hit......
2026-01-28 00:33:07 [INFO]: get all problem endpoint hit......
2026-01-28 00:33:07 [INFO]: get all problem endpoint hit......
2026-01-28 00:34:35 [INFO]: get all problem endpoint hit......
2026-01-28 00:34:35 [INFO]: get all problem endpoint hit......
2026-01-28 00:34:36 [INFO]: get all problem endpoint hit......
2026-01-28 00:34:36 [INFO]: get all problem endpoint hit......
2026-01-28 00:35:53 [INFO]: get all problem endpoint hit......
2026-01-28 00:35:53 [INFO]: get all problem endpoint hit......
2026-01-28 00:35:55 [INFO]: get all problem endpoint hit......
2026-01-28 00:35:55 [INFO]: get all problem endpoint hit......
2026-01-28 00:35:58 [INFO]: get all problem endpoint hit......
2026-01-28 00:35:58 [INFO]: get all problem endpoint hit......
2026-01-28 00:36:05 [INFO]: get all problem endpoint hit......
2026-01-28 00:36:05 [INFO]: get all problem endpoint hit......
2026-01-28 00:36:09 [INFO]: get all problem endpoint hit......
2026-01-28 00:36:09 [INFO]: get all problem endpoint hit......
2026-01-28 00:36:25 [INFO]: get all problem endpoint hit......
2026-01-28 00:36:25 [INFO]: get all problem endpoint hit......
2026-01-28 00:39:24 [INFO]: get a single problem endpoint hit......
2026-01-28 00:57:09 [INFO]: get all problem endpoint hit......
2026-01-28 00:57:09 [INFO]: get all problem endpoint hit......
2026-01-28 00:58:36 [INFO]: get all problem endpoint hit......
2026-01-28 00:58:36 [INFO]: get all problem endpoint hit......
2026-01-28 01:03:23 [INFO]: get a single problem endpoint hit......
2026-01-28 01:03:23 [INFO]: get a single problem endpoint hit......
2026-01-28 01:03:23 [ERROR]: error while getting question stats: Cannot destructure property 'problemId' of 'req.body' as it is undefined.
2026-01-28 01:03:23 [ERROR]: error while getting question stats: Cannot destructure property 'problemId' of 'req.body' as it is undefined.
2026-01-28 01:04:54 [INFO]: get all problem endpoint hit......
2026-01-28 01:04:54 [INFO]: get all problem endpoint hit......
2026-01-28 01:04:55 [INFO]: get a single problem endpoint hit......
2026-01-28 01:04:55 [INFO]: get a single problem endpoint hit......
2026-01-28 01:04:55 [ERROR]: error while getting question stats: Cannot destructure property 'problemId' of 'req.body' as it is undefined.
2026-01-28 01:04:56 [ERROR]: error while getting question stats: Cannot destructure property 'problemId' of 'req.body' as it is undefined.
2026-01-28 01:05:15 [INFO]: get all problem endpoint hit......
2026-01-28 01:05:15 [INFO]: get all problem endpoint hit......
2026-01-28 01:05:17 [INFO]: get a single problem endpoint hit......
2026-01-28 01:05:17 [INFO]: get a single problem endpoint hit......
2026-01-28 01:05:17 [ERROR]: error while getting question stats: Cannot destructure property 'problemId' of 'req.body' as it is undefined.
2026-01-28 01:05:17 [ERROR]: error while getting question stats: Cannot destructure property 'problemId' of 'req.body' as it is undefined.
2026-01-28 01:05:23 [INFO]: get all problem endpoint hit......
2026-01-28 01:05:23 [INFO]: get all problem endpoint hit......
2026-01-28 01:05:24 [INFO]: get a single problem endpoint hit......
2026-01-28 01:05:24 [INFO]: get a single problem endpoint hit......
2026-01-28 01:05:24 [ERROR]: error while getting question stats: Cannot destructure property 'problemId' of 'req.body' as it is undefined.
2026-01-28 01:05:25 [ERROR]: error while getting question stats: Cannot destructure property 'problemId' of 'req.body' as it is undefined.
2026-01-28 01:05:28 [INFO]: get all problem endpoint hit......
2026-01-28 01:05:28 [INFO]: get all problem endpoint hit......
2026-01-28 01:05:30 [INFO]: get a single problem endpoint hit......
2026-01-28 01:05:30 [INFO]: get a single problem endpoint hit......
2026-01-28 01:05:30 [ERROR]: error while getting question stats: Cannot destructure property 'problemId' of 'req.body' as it is undefined.
2026-01-28 01:05:30 [ERROR]: error while getting question stats: Cannot destructure property 'problemId' of 'req.body' as it is undefined.
2026-01-28 01:05:33 [INFO]: get all problem endpoint hit......
2026-01-28 01:05:33 [INFO]: get all problem endpoint hit......
2026-01-28 01:05:35 [INFO]: get a single problem endpoint hit......
2026-01-28 01:05:35 [INFO]: get a single problem endpoint hit......
2026-01-28 01:05:35 [ERROR]: error while getting question stats: Cannot destructure property 'problemId' of 'req.body' as it is undefined.
2026-01-28 01:05:35 [ERROR]: error while getting question stats: Cannot destructure property 'problemId' of 'req.body' as it is undefined.
2026-01-28 01:05:40 [INFO]: get all problem endpoint hit......
2026-01-28 01:05:40 [INFO]: get all problem endpoint hit......
2026-01-28 01:05:42 [INFO]: get a single problem endpoint hit......
2026-01-28 01:05:42 [INFO]: get a single problem endpoint hit......
2026-01-28 01:05:42 [ERROR]: error while getting question stats: Cannot destructure property 'problemId' of 'req.body' as it is undefined.
2026-01-28 01:05:42 [ERROR]: error while getting question stats: Cannot destructure property 'problemId' of 'req.body' as it is undefined.
2026-01-28 01:05:47 [INFO]: get all problem endpoint hit......
2026-01-28 01:05:47 [INFO]: get all problem endpoint hit......
2026-01-28 01:05:48 [INFO]: get a single problem endpoint hit......
2026-01-28 01:05:48 [INFO]: get a single problem endpoint hit......
2026-01-28 01:05:48 [ERROR]: error while getting question stats: Cannot destructure property 'problemId' of 'req.body' as it is undefined.
2026-01-28 01:05:48 [ERROR]: error while getting question stats: Cannot destructure property 'problemId' of 'req.body' as it is undefined.
2026-01-28 01:10:46 [INFO]: get all problem endpoint hit......
2026-01-28 01:10:46 [INFO]: get all problem endpoint hit......
2026-01-28 01:10:47 [INFO]: get a single problem endpoint hit......
2026-01-28 01:10:48 [INFO]: get a single problem endpoint hit......
2026-01-28 01:10:48 [ERROR]: error while getting question stats: Cannot destructure property 'problemId' of 'req.body' as it is undefined.
2026-01-28 01:10:48 [ERROR]: error while getting question stats: Cannot destructure property 'problemId' of 'req.body' as it is undefined.
2026-01-28 01:13:40 [INFO]: get a single problem endpoint hit......
2026-01-28 01:13:40 [INFO]: get a single problem endpoint hit......
2026-01-28 01:13:40 [ERROR]: error while getting question stats: Cannot destructure property 'problemId' of 'req.body' as it is undefined.
2026-01-28 01:13:40 [ERROR]: error while getting question stats: Cannot destructure property 'problemId' of 'req.body' as it is undefined.
2026-01-28 01:14:23 [INFO]: get a single problem endpoint hit......
2026-01-28 01:14:23 [INFO]: get a single problem endpoint hit......
2026-01-28 01:14:23 [ERROR]: error while getting question stats: Cannot destructure property 'problemId' of 'req.body' as it is undefined.
2026-01-28 01:14:23 [ERROR]: error while getting question stats: Cannot destructure property 'problemId' of 'req.body' as it is undefined.
2026-01-28 01:14:24 [INFO]: get a single problem endpoint hit......
2026-01-28 01:14:24 [INFO]: get a single problem endpoint hit......
2026-01-28 01:14:24 [ERROR]: error while getting question stats: Cannot destructure property 'problemId' of 'req.body' as it is undefined.
2026-01-28 01:14:24 [ERROR]: error while getting question stats: Cannot destructure property 'problemId' of 'req.body' as it is undefined.
2026-01-28 01:14:25 [INFO]: get a single problem endpoint hit......
2026-01-28 01:14:25 [INFO]: get a single problem endpoint hit......
2026-01-28 01:14:25 [ERROR]: error while getting question stats: Cannot destructure property 'problemId' of 'req.body' as it is undefined.
2026-01-28 01:14:25 [ERROR]: error while getting question stats: Cannot destructure property 'problemId' of 'req.body' as it is undefined.
2026-01-28 01:16:30 [INFO]: get a single problem endpoint hit......
2026-01-28 01:16:30 [INFO]: get a single problem endpoint hit......
2026-01-28 01:16:30 [ERROR]: error while getting question stats: Cannot destructure property 'problemId' of 'req.body' as it is undefined.
2026-01-28 01:16:30 [ERROR]: error while getting question stats: Cannot destructure property 'problemId' of 'req.body' as it is undefined.
2026-01-28 01:16:33 [INFO]: get a single problem endpoint hit......
2026-01-28 01:16:33 [INFO]: get a single problem endpoint hit......
2026-01-28 01:16:33 [ERROR]: error while getting question stats: Cannot destructure property 'problemId' of 'req.body' as it is undefined.
2026-01-28 01:16:33 [ERROR]: error while getting question stats: Cannot destructure property 'problemId' of 'req.body' as it is undefined.
2026-01-28 01:16:47 [INFO]: get a single problem endpoint hit......
2026-01-28 01:16:47 [INFO]: get a single problem endpoint hit......
2026-01-28 01:16:47 [ERROR]: error while getting question stats: Cannot destructure property 'problemId' of 'req.body' as it is undefined.
2026-01-28 01:16:47 [ERROR]: error while getting question stats: Cannot destructure property 'problemId' of 'req.body' as it is undefined.
2026-01-28 01:20:21 [INFO]: get a single problem endpoint hit......
2026-01-28 01:20:21 [INFO]: get a single problem endpoint hit......
2026-01-28 01:20:21 [ERROR]: error while getting question stats: Cannot destructure property 'problemId' of 'req.body' as it is undefined.
2026-01-28 01:20:21 [ERROR]: error while getting question stats: Cannot destructure property 'problemId' of 'req.body' as it is undefined.
2026-01-28 01:20:39 [INFO]: get a single problem endpoint hit......
2026-01-28 01:20:39 [INFO]: get a single problem endpoint hit......
2026-01-28 01:20:39 [ERROR]: error while getting question stats: Cannot destructure property 'problemId' of 'req.body' as it is undefined.
2026-01-28 01:20:39 [ERROR]: error while getting question stats: Cannot destructure property 'problemId' of 'req.body' as it is undefined.
2026-01-28 01:24:59 [INFO]: get a single problem endpoint hit......
2026-01-28 01:24:59 [INFO]: get a single problem endpoint hit......
2026-01-28 01:25:26 [INFO]: get a single problem endpoint hit......
2026-01-28 01:25:26 [INFO]: get a single problem endpoint hit......
2026-01-28 01:26:17 [INFO]: get all problem endpoint hit......
2026-01-28 01:26:17 [INFO]: get all problem endpoint hit......
2026-01-28 01:26:19 [INFO]: get a single problem endpoint hit......
2026-01-28 01:26:19 [INFO]: get a single problem endpoint hit......
2026-01-28 01:26:55 [INFO]: get a single problem endpoint hit......
2026-01-28 01:27:27 [INFO]: get a single problem endpoint hit......
2026-01-28 01:27:27 [ERROR]: error while getting a single problem :Cast to ObjectId failed for value "696e933e23962c3153a8202" (type string) at path "_id" for model "Problem"
2026-01-28 01:27:32 [INFO]: get a single problem endpoint hit......
2026-01-28 01:27:32 [ERROR]: error while getting a single problem :Cast to ObjectId failed for value "696e933e23962c3153a8202" (type string) at path "_id" for model "Problem"
2026-01-28 01:27:48 [INFO]: get all problem endpoint hit......
2026-01-28 01:27:48 [INFO]: get all problem endpoint hit......
2026-01-28 01:27:50 [INFO]: get a single problem endpoint hit......
2026-01-28 01:27:50 [INFO]: get a single problem endpoint hit......
2026-01-28 01:28:11 [INFO]: get a single problem endpoint hit......
2026-01-28 01:39:30 [INFO]: get a single problem endpoint hit......
2026-01-28 01:39:33 [INFO]: get a single problem endpoint hit......
2026-01-28 01:42:07 [INFO]: get a single problem endpoint hit......
2026-01-28 01:42:07 [INFO]: get a single problem endpoint hit......
2026-01-28 01:42:08 [INFO]: get a single problem endpoint hit......
2026-01-28 01:42:08 [INFO]: get a single problem endpoint hit......
2026-01-28 01:42:19 [INFO]: get a single problem endpoint hit......
2026-01-28 01:42:19 [INFO]: get a single problem endpoint hit......
2026-01-28 01:43:38 [INFO]: get a single problem endpoint hit......
2026-01-28 01:43:38 [INFO]: get a single problem endpoint hit......
2026-01-28 01:43:40 [INFO]: get a single problem endpoint hit......
2026-01-28 01:43:40 [INFO]: get a single problem endpoint hit......
2026-01-28 01:45:59 [INFO]: get a single problem endpoint hit......
2026-01-28 01:45:59 [INFO]: get a single problem endpoint hit......
2026-01-28 01:47:08 [INFO]: get a single problem endpoint hit......
2026-01-28 01:47:10 [INFO]: get a single problem endpoint hit......
2026-01-28 01:47:11 [INFO]: get a single problem endpoint hit......
2026-01-28 01:47:25 [INFO]: get all problem endpoint hit......
2026-01-28 01:47:25 [INFO]: get all problem endpoint hit......
2026-01-28 01:47:26 [INFO]: get a single problem endpoint hit......
2026-01-28 01:47:26 [INFO]: get a single problem endpoint hit......
2026-01-28 01:47:36 [INFO]: get all problem endpoint hit......
2026-01-28 01:47:36 [INFO]: get all problem endpoint hit......
2026-01-28 01:47:38 [INFO]: get a single problem endpoint hit......
2026-01-28 01:47:38 [INFO]: get a single problem endpoint hit......
2026-01-28 01:47:41 [INFO]: get all problem endpoint hit......
2026-01-28 01:47:41 [INFO]: get all problem endpoint hit......
2026-01-28 01:47:43 [INFO]: get a single problem endpoint hit......
2026-01-28 01:47:43 [INFO]: get a single problem endpoint hit......
2026-01-28 01:51:43 [INFO]: get a single problem endpoint hit......
2026-01-28 01:51:43 [INFO]: get a single problem endpoint hit......
2026-01-28 01:53:32 [INFO]: get a single problem endpoint hit......
2026-01-28 01:53:32 [INFO]: get a single problem endpoint hit......
2026-01-28 01:53:33 [INFO]: get a single problem endpoint hit......
2026-01-28 01:53:38 [INFO]: get a single problem endpoint hit......
2026-01-28 01:53:57 [INFO]: get a single problem endpoint hit......
2026-01-28 01:53:57 [INFO]: get a single problem endpoint hit......
2026-01-28 02:01:24 [INFO]: get a single problem endpoint hit......
2026-01-28 02:01:24 [INFO]: get a single problem endpoint hit......
2026-01-28 02:08:01 [INFO]: get a single problem endpoint hit......
2026-01-28 02:10:17 [INFO]: get a single problem endpoint hit......
2026-01-28 02:10:17 [INFO]: get a single problem endpoint hit......
2026-01-28 02:10:40 [INFO]: get all problem endpoint hit......
2026-01-28 02:10:40 [INFO]: get all problem endpoint hit......
2026-01-28 02:10:49 [INFO]: get a single problem endpoint hit......
2026-01-28 02:10:49 [INFO]: get a single problem endpoint hit......
2026-01-28 02:15:59 [INFO]: get a single problem endpoint hit......
2026-01-28 02:15:59 [INFO]: get a single problem endpoint hit......
2026-01-28 02:18:47 [INFO]: get a single problem endpoint hit......
2026-01-28 02:18:47 [INFO]: get a single problem endpoint hit......
2026-01-28 02:18:51 [INFO]: get all problem endpoint hit......
2026-01-28 02:18:51 [INFO]: get all problem endpoint hit......
2026-01-28 02:18:52 [INFO]: get a single problem endpoint hit......
2026-01-28 02:18:52 [INFO]: get a single problem endpoint hit......
2026-01-28 02:18:54 [INFO]: get all problem endpoint hit......
2026-01-28 02:18:54 [INFO]: get all problem endpoint hit......
2026-01-28 02:18:55 [INFO]: get a single problem endpoint hit......
2026-01-28 02:18:55 [INFO]: get a single problem endpoint hit......
2026-01-28 02:18:57 [INFO]: get all problem endpoint hit......
2026-01-28 02:18:57 [INFO]: get all problem endpoint hit......
2026-01-28 02:19:01 [INFO]: get a single problem endpoint hit......
2026-01-28 02:19:01 [INFO]: get a single problem endpoint hit......
2026-01-28 02:19:03 [INFO]: get all problem endpoint hit......
2026-01-28 02:19:03 [INFO]: get all problem endpoint hit......
2026-01-28 02:19:04 [INFO]: get a single problem endpoint hit......
2026-01-28 02:19:04 [INFO]: get a single problem endpoint hit......
2026-01-28 02:21:01 [INFO]: get a single problem endpoint hit......
2026-01-28 02:21:01 [INFO]: get a single problem endpoint hit......
2026-01-28 02:22:02 [INFO]: get a single problem endpoint hit......
2026-01-28 02:22:02 [INFO]: get a single problem endpoint hit......
2026-01-28 02:24:27 [INFO]: get a single problem endpoint hit......
2026-01-28 02:24:27 [INFO]: get a single problem endpoint hit......
2026-01-28 02:26:28 [INFO]: get a single problem endpoint hit......
2026-01-28 02:26:28 [INFO]: get a single problem endpoint hit......
2026-01-28 02:29:22 [INFO]: get a single problem endpoint hit......
2026-01-28 02:29:22 [INFO]: get a single problem endpoint hit......
2026-01-28 02:30:17 [INFO]: get all problem endpoint hit......
2026-01-28 02:30:17 [INFO]: get all problem endpoint hit......
2026-01-28 02:30:19 [INFO]: get a single problem endpoint hit......
2026-01-28 02:30:19 [INFO]: get a single problem endpoint hit......
2026-01-28 02:30:42 [INFO]: get a single problem endpoint hit......
2026-01-28 02:30:42 [INFO]: get a single problem endpoint hit......
2026-01-28 02:31:48 [INFO]: get a single problem endpoint hit......
2026-01-28 02:32:57 [INFO]: get a single problem endpoint hit......
2026-01-28 02:32:57 [INFO]: get a single problem endpoint hit......
2026-01-28 02:36:57 [INFO]: get a single problem endpoint hit......
2026-01-28 02:36:57 [INFO]: get a single problem endpoint hit......
2026-01-28 02:37:17 [INFO]: get all problem endpoint hit......
2026-01-28 02:37:17 [INFO]: get all problem endpoint hit......
2026-01-28 02:37:18 [INFO]: get a single problem endpoint hit......
2026-01-28 02:37:18 [INFO]: get a single problem endpoint hit......
2026-01-28 02:37:22 [INFO]: get all problem endpoint hit......
2026-01-28 02:37:22 [INFO]: get all problem endpoint hit......
2026-01-28 02:37:23 [INFO]: get a single problem endpoint hit......
2026-01-28 02:37:23 [INFO]: get a single problem endpoint hit......
2026-01-28 02:37:25 [INFO]: get all problem endpoint hit......
2026-01-28 02:37:25 [INFO]: get all problem endpoint hit......
2026-01-28 02:37:27 [INFO]: get a single problem endpoint hit......
2026-01-28 02:37:27 [INFO]: get a single problem endpoint hit......
2026-01-28 02:37:28 [INFO]: get all problem endpoint hit......
2026-01-28 02:37:28 [INFO]: get all problem endpoint hit......
2026-01-28 02:37:31 [INFO]: get a single problem endpoint hit......
2026-01-28 02:37:31 [INFO]: get a single problem endpoint hit......
2026-01-28 02:39:17 [INFO]: get a single problem endpoint hit......
2026-01-28 02:39:17 [INFO]: get a single problem endpoint hit......
2026-01-28 02:39:20 [INFO]: get all problem endpoint hit......
2026-01-28 02:39:20 [INFO]: get all problem endpoint hit......
2026-01-28 02:39:24 [INFO]: get a single problem endpoint hit......
2026-01-28 02:39:24 [INFO]: get a single problem endpoint hit......
2026-01-28 02:39:53 [INFO]: get a single problem endpoint hit......
2026-01-28 02:39:53 [INFO]: get a single problem endpoint hit......
2026-01-28 02:40:03 [INFO]: get a single problem endpoint hit......
2026-01-28 02:40:03 [INFO]: get a single problem endpoint hit......
2026-01-28 02:40:04 [INFO]: get all problem endpoint hit......
2026-01-28 02:40:04 [INFO]: get all problem endpoint hit......
2026-01-28 02:40:07 [INFO]: get a single problem endpoint hit......
2026-01-28 02:40:07 [INFO]: get a single problem endpoint hit......
2026-01-28 02:40:09 [INFO]: get all problem endpoint hit......
2026-01-28 02:40:09 [INFO]: get all problem endpoint hit......
2026-01-28 02:40:11 [INFO]: get a single problem endpoint hit......
2026-01-28 02:40:11 [INFO]: get a single problem endpoint hit......
2026-01-28 02:40:14 [INFO]: get all problem endpoint hit......
2026-01-28 02:40:14 [INFO]: get all problem endpoint hit......
2026-01-28 02:40:16 [INFO]: get a single problem endpoint hit......
2026-01-28 02:40:16 [INFO]: get a single problem endpoint hit......
2026-01-28 02:40:41 [INFO]: get all problem endpoint hit......
2026-01-28 02:40:41 [INFO]: get all problem endpoint hit......
2026-01-28 02:40:43 [INFO]: get a single problem endpoint hit......
2026-01-28 02:40:43 [INFO]: get a single problem endpoint hit......
2026-01-28 02:41:12 [INFO]: get a single problem endpoint hit......
2026-01-28 02:41:12 [INFO]: get a single problem endpoint hit......
2026-01-28 02:41:37 [INFO]: get a single problem endpoint hit......
2026-01-28 02:41:37 [INFO]: get a single problem endpoint hit......
2026-01-28 02:45:38 [INFO]: get a single problem endpoint hit......
2026-01-28 02:45:38 [INFO]: get a single problem endpoint hit......
2026-01-28 02:45:39 [INFO]: get all problem endpoint hit......
2026-01-28 02:45:40 [INFO]: get all problem endpoint hit......
2026-01-28 02:45:41 [INFO]: get a single problem endpoint hit......
2026-01-28 02:45:41 [INFO]: get a single problem endpoint hit......
2026-01-28 02:45:49 [INFO]: get a single problem endpoint hit......
2026-01-28 02:45:49 [INFO]: get a single problem endpoint hit......
2026-01-29 23:05:53 [INFO]: get all problem endpoint hit......
2026-01-29 23:05:53 [INFO]: get all problem endpoint hit......
2026-01-29 23:06:04 [INFO]: get a single problem endpoint hit......
2026-01-29 23:06:04 [INFO]: get a single problem endpoint hit......
2026-01-29 23:06:53 [INFO]: get a single problem endpoint hit......
2026-01-29 23:06:53 [INFO]: get a single problem endpoint hit......
2026-01-29 23:07:05 [INFO]: get all problem endpoint hit......
2026-01-29 23:07:05 [INFO]: get all problem endpoint hit......
2026-01-29 23:07:08 [INFO]: get a single problem endpoint hit......
2026-01-29 23:07:08 [INFO]: get a single problem endpoint hit......
2026-01-29 23:07:10 [INFO]: get all problem endpoint hit......
2026-01-29 23:07:10 [INFO]: get all problem endpoint hit......
2026-01-29 23:07:13 [INFO]: get a single problem endpoint hit......
2026-01-29 23:07:13 [INFO]: get a single problem endpoint hit......
2026-01-29 23:08:00 [INFO]: get a single problem endpoint hit......
2026-01-29 23:08:00 [INFO]: get a single problem endpoint hit......
2026-01-29 23:08:02 [INFO]: get all problem endpoint hit......
2026-01-29 23:08:02 [INFO]: get all problem endpoint hit......
2026-01-30 01:19:54 [INFO]: get all problem endpoint hit......
2026-01-30 01:19:54 [INFO]: get all problem endpoint hit......
2026-01-30 01:20:39 [INFO]: get all problem endpoint hit......
2026-01-30 01:20:40 [INFO]: get all problem endpoint hit......
2026-01-30 01:20:44 [INFO]: get all problem endpoint hit......
2026-01-30 01:20:44 [INFO]: get all problem endpoint hit......
2026-01-30 01:25:37 [INFO]: get all problem endpoint hit......
2026-01-30 01:25:37 [INFO]: get all problem endpoint hit......
2026-01-30 01:28:55 [INFO]: get all problem endpoint hit......
2026-01-30 01:28:55 [INFO]: get all problem endpoint hit......
2026-01-30 01:43:41 [INFO]: getUserProfile endpoint hit.
2026-01-30 01:44:17 [INFO]: get all user endpoints hit..
2026-01-30 02:23:29 [INFO]: get all user endpoints hit..
2026-01-30 02:23:29 [INFO]: get all user endpoints hit..
2026-01-30 02:23:33 [INFO]: get all user endpoints hit..
2026-01-30 02:23:33 [INFO]: get all user endpoints hit..
2026-01-30 02:32:51 [INFO]: get all user endpoints hit..
2026-01-30 02:32:51 [INFO]: get all user endpoints hit..
2026-01-30 02:33:01 [INFO]: get all user endpoints hit..
2026-01-30 02:33:02 [INFO]: get all user endpoints hit..
2026-01-30 02:33:24 [INFO]: get all user endpoints hit..
2026-01-30 02:33:24 [INFO]: get all user endpoints hit..
2026-01-30 02:33:32 [INFO]: get all user endpoints hit..
2026-01-30 02:33:32 [INFO]: get all user endpoints hit..
2026-01-30 02:38:06 [INFO]: get all user endpoints hit..
2026-01-30 02:38:12 [INFO]: get all user endpoints hit..
2026-01-30 02:38:12 [INFO]: get all user endpoints hit..
2026-01-30 02:38:58 [INFO]: get all user endpoints hit..
2026-01-30 02:39:08 [INFO]: get all user endpoints hit..
2026-01-30 02:39:52 [INFO]: get all user endpoints hit..
2026-01-30 02:39:52 [INFO]: get all user endpoints hit..
2026-01-30 02:41:25 [INFO]: get all user endpoints hit..
2026-01-30 02:41:25 [INFO]: get all user endpoints hit..
2026-01-30 02:41:31 [INFO]: get all user endpoints hit..
2026-01-30 02:41:31 [INFO]: get all user endpoints hit..
2026-01-30 02:41:33 [INFO]: get all user endpoints hit..
2026-01-30 02:41:33 [INFO]: get all user endpoints hit..
2026-01-30 02:41:37 [INFO]: get all user endpoints hit..
2026-01-30 02:41:37 [INFO]: get all user endpoints hit..
2026-01-30 02:42:02 [INFO]: get all user endpoints hit..
2026-01-30 02:42:02 [INFO]: get all user endpoints hit..
2026-01-30 02:57:11 [INFO]: get all user endpoints hit..
2026-01-30 02:57:11 [INFO]: get all user endpoints hit..
2026-01-30 02:58:54 [INFO]: get all problem endpoint hit......
2026-01-30 02:58:54 [INFO]: get all problem endpoint hit......
2026-01-30 02:58:58 [INFO]: get all problem endpoint hit......
2026-01-30 02:58:58 [INFO]: get all problem endpoint hit......
2026-01-30 03:03:33 [INFO]: get all user endpoints hit..
2026-01-30 03:03:33 [INFO]: get all user endpoints hit..
2026-01-30 03:03:59 [INFO]: get all problem endpoint hit......
2026-01-30 03:03:59 [INFO]: get all problem endpoint hit......
2026-01-30 03:25:49 [INFO]: get all problem endpoint hit......
2026-01-30 03:25:50 [INFO]: get all problem endpoint hit......
2026-01-30 03:29:47 [INFO]: get all problem endpoint hit......
2026-01-30 03:29:47 [INFO]: get all problem endpoint hit......
2026-01-30 03:29:50 [INFO]: get all problem endpoint hit......
2026-01-30 03:29:50 [INFO]: get all problem endpoint hit......
2026-01-30 03:29:51 [INFO]: get a single problem endpoint hit......
2026-01-30 03:29:51 [INFO]: get a single problem endpoint hit......
2026-01-30 03:30:03 [INFO]: get all problem endpoint hit......
2026-01-30 03:30:03 [INFO]: get all problem endpoint hit......
2026-01-30 13:33:36 [INFO]: getUserProfile endpoint hit.
2026-01-30 14:02:49 [INFO]: getUserProfile endpoint hit.
2026-01-30 14:02:49 [INFO]: getUserProfile endpoint hit.
2026-01-30 14:02:54 [INFO]: getUserProfile endpoint hit.
2026-01-30 14:02:54 [INFO]: getUserProfile endpoint hit.
2026-01-30 14:03:30 [INFO]: getUserProfile endpoint hit.
2026-01-30 14:03:30 [INFO]: getUserProfile endpoint hit.
2026-01-30 14:03:35 [INFO]: getUserProfile endpoint hit.
2026-01-30 14:03:35 [INFO]: getUserProfile endpoint hit.
2026-01-30 23:06:30 [INFO]: get all problem endpoint hit......
2026-01-30 23:06:30 [INFO]: get all problem endpoint hit......
2026-01-30 23:06:32 [INFO]: get a single problem endpoint hit......
2026-01-30 23:06:32 [INFO]: get a single problem endpoint hit......
2026-01-30 23:09:33 [INFO]: get a single problem endpoint hit......
2026-01-30 23:09:33 [INFO]: get a single problem endpoint hit......
2026-01-30 23:09:43 [INFO]: get a single problem endpoint hit......
2026-01-30 23:09:43 [INFO]: get a single problem endpoint hit......
2026-01-30 23:09:51 [INFO]: get a single problem endpoint hit......
2026-01-30 23:09:51 [INFO]: get a single problem endpoint hit......
2026-01-30 23:13:35 [INFO]: get a single problem endpoint hit......
2026-01-30 23:14:00 [INFO]: get a single problem endpoint hit......
2026-01-30 23:14:00 [INFO]: get a single problem endpoint hit......
2026-01-30 23:15:29 [INFO]: get all problem endpoint hit......
2026-01-30 23:15:29 [INFO]: get all problem endpoint hit......
2026-01-30 23:16:08 [INFO]: get all problem endpoint hit......
2026-01-30 23:16:08 [INFO]: get all problem endpoint hit......
2026-01-30 23:16:10 [INFO]: get a single problem endpoint hit......
2026-01-30 23:16:10 [INFO]: get a single problem endpoint hit......
2026-01-30 23:16:36 [INFO]: get a single problem endpoint hit......
2026-01-30 23:16:36 [INFO]: get a single problem endpoint hit......
2026-01-30 23:20:31 [INFO]: get a single problem endpoint hit......
2026-01-30 23:20:31 [INFO]: get a single problem endpoint hit......
2026-01-30 23:21:56 [INFO]: get a single problem endpoint hit......
2026-01-30 23:21:56 [INFO]: get a single problem endpoint hit......
2026-01-30 23:27:24 [INFO]: get all problem endpoint hit......
2026-01-30 23:27:24 [INFO]: get all problem endpoint hit......
2026-01-30 23:32:35 [INFO]: get all problem endpoint hit......
2026-01-30 23:32:36 [INFO]: get all problem endpoint hit......
2026-01-30 23:32:37 [INFO]: get a single problem endpoint hit......
2026-01-30 23:32:37 [INFO]: get a single problem endpoint hit......
2026-01-30 23:33:24 [INFO]: getUserProfile endpoint hit.
2026-01-30 23:33:24 [INFO]: getUserProfile endpoint hit.
2026-01-30 23:55:09 [INFO]: getUserProfile endpoint hit.
2026-01-30 23:55:09 [INFO]: getUserProfile endpoint hit.
2026-01-30 23:59:12 [INFO]: getUserProfile endpoint hit.
2026-01-30 23:59:12 [INFO]: getUserProfile endpoint hit.
2026-01-30 23:59:23 [INFO]: getUserProfile endpoint hit.
2026-01-30 23:59:23 [INFO]: getUserProfile endpoint hit.
2026-01-30 23:59:27 [INFO]: getUserProfile endpoint hit.
2026-01-30 23:59:27 [INFO]: getUserProfile endpoint hit.
2026-01-30 23:59:49 [INFO]: getUserProfile endpoint hit.
2026-01-30 23:59:49 [INFO]: getUserProfile endpoint hit.
2026-01-31 00:00:41 [INFO]: getUserProfile endpoint hit.
2026-01-31 00:00:42 [INFO]: getUserProfile endpoint hit.
2026-01-31 00:00:53 [INFO]: getUserProfile endpoint hit.
2026-01-31 00:01:20 [INFO]: getUserProfile endpoint hit.
2026-01-31 00:01:20 [INFO]: getUserProfile endpoint hit.
2026-01-31 00:01:41 [INFO]: getUserProfile endpoint hit.
2026-01-31 00:01:57 [INFO]: getUserProfile endpoint hit.
2026-01-31 00:01:57 [INFO]: getUserProfile endpoint hit.
2026-01-31 00:02:35 [INFO]: getUserProfile endpoint hit.
2026-01-31 00:02:35 [INFO]: getUserProfile endpoint hit.
2026-01-31 00:02:37 [INFO]: getUserProfile endpoint hit.
2026-01-31 00:04:36 [INFO]: getUserProfile endpoint hit.
2026-01-31 00:04:36 [INFO]: getUserProfile endpoint hit.
2026-01-31 00:04:44 [INFO]: getUserProfile endpoint hit.
2026-01-31 00:04:44 [INFO]: getUserProfile endpoint hit.
2026-01-31 00:05:00 [INFO]: getUserProfile endpoint hit.
2026-01-31 00:05:00 [INFO]: getUserProfile endpoint hit.
2026-01-31 00:05:02 [INFO]: getUserProfile endpoint hit.
2026-01-31 00:05:02 [INFO]: getUserProfile endpoint hit.
2026-01-31 00:05:04 [INFO]: getUserProfile endpoint hit.
2026-01-31 00:05:04 [INFO]: getUserProfile endpoint hit.
2026-01-31 00:05:05 [INFO]: getUserProfile endpoint hit.
2026-01-31 00:05:05 [INFO]: getUserProfile endpoint hit.
2026-01-31 00:05:06 [INFO]: getUserProfile endpoint hit.
2026-01-31 00:05:06 [INFO]: getUserProfile endpoint hit.
2026-01-31 00:05:40 [INFO]: get all problem endpoint hit......
2026-01-31 00:05:41 [INFO]: get all problem endpoint hit......
2026-01-31 00:12:02 [INFO]: get all problem endpoint hit......
2026-01-31 00:12:02 [INFO]: get all problem endpoint hit......
2026-01-31 00:12:06 [INFO]: getUserProfile endpoint hit.
2026-01-31 00:12:06 [INFO]: getUserProfile endpoint hit.
2026-01-31 00:12:15 [INFO]: getUserProfile endpoint hit.
2026-01-31 00:12:19 [INFO]: getUserProfile endpoint hit.
2026-01-31 00:12:26 [INFO]: getUserProfile endpoint hit.
2026-01-31 00:12:30 [INFO]: getUserProfile endpoint hit.
2026-01-31 00:12:52 [INFO]: getUserProfile endpoint hit.
2026-01-31 00:12:52 [INFO]: getUserProfile endpoint hit.
2026-01-31 00:12:58 [INFO]: getUserProfile endpoint hit.
2026-01-31 00:13:00 [INFO]: getUserProfile endpoint hit.
2026-01-31 00:13:01 [INFO]: getUserProfile endpoint hit.
2026-01-31 00:13:04 [INFO]: getUserProfile endpoint hit.
2026-01-31 00:13:07 [INFO]: getUserProfile endpoint hit.
2026-01-31 00:17:06 [INFO]: getUserProfile endpoint hit.
2026-01-31 00:17:06 [INFO]: getUserProfile endpoint hit.
2026-01-31 00:17:13 [INFO]: getUserProfile endpoint hit.
2026-01-31 00:17:14 [INFO]: getUserProfile endpoint hit.
2026-01-31 00:17:56 [INFO]: getUserProfile endpoint hit.
2026-01-31 00:17:56 [INFO]: getUserProfile endpoint hit.
2026-01-31 00:18:01 [INFO]: getUserProfile endpoint hit.
2026-01-31 00:18:01 [INFO]: getUserProfile endpoint hit.
2026-01-31 00:18:15 [INFO]: getUserProfile endpoint hit.
2026-01-31 00:18:15 [INFO]: getUserProfile endpoint hit.
2026-01-31 00:18:18 [INFO]: getUserProfile endpoint hit.
2026-01-31 00:18:20 [INFO]: getUserProfile endpoint hit.
2026-01-31 00:18:22 [INFO]: getUserProfile endpoint hit.
2026-01-31 00:18:26 [INFO]: getUserProfile endpoint hit.
2026-01-31 00:18:29 [INFO]: getUserProfile endpoint hit.
2026-01-31 00:18:31 [INFO]: getUserProfile endpoint hit.
2026-01-31 00:18:32 [INFO]: getUserProfile endpoint hit.
2026-01-31 00:18:33 [INFO]: getUserProfile endpoint hit.
2026-01-31 00:29:20 [INFO]: getUserProfile endpoint hit.
2026-01-31 00:29:20 [INFO]: getUserProfile endpoint hit.
2026-01-31 00:29:24 [INFO]: getUserProfile endpoint hit.
2026-01-31 00:31:00 [INFO]: getUserProfile endpoint hit.
2026-01-31 00:31:00 [INFO]: getUserProfile endpoint hit.
2026-01-31 00:31:02 [INFO]: getUserProfile endpoint hit.
2026-01-31 00:31:02 [INFO]: getUserProfile endpoint hit.
2026-01-31 00:31:46 [INFO]: getUserProfile endpoint hit.
2026-01-31 00:31:46 [INFO]: getUserProfile endpoint hit.
2026-01-31 00:32:40 [INFO]: get all problem endpoint hit......
2026-01-31 00:32:40 [INFO]: get all problem endpoint hit......
2026-01-31 00:32:41 [INFO]: get a single problem endpoint hit......
2026-01-31 00:32:41 [INFO]: get a single problem endpoint hit......
2026-01-31 00:32:43 [INFO]: get all problem endpoint hit......
2026-01-31 00:32:43 [INFO]: get all problem endpoint hit......
2026-01-31 00:32:46 [INFO]: getUserProfile endpoint hit.
2026-01-31 00:32:46 [INFO]: getUserProfile endpoint hit.
2026-01-31 00:40:14 [INFO]: getUserProfile endpoint hit.
2026-01-31 00:40:14 [INFO]: getUserProfile endpoint hit.
2026-01-31 00:40:22 [INFO]: getUserProfile endpoint hit.
2026-01-31 00:40:23 [INFO]: getUserProfile endpoint hit.
2026-01-31 00:41:40 [INFO]: getUserProfile endpoint hit.
2026-01-31 00:41:40 [INFO]: getUserProfile endpoint hit.
2026-01-31 00:42:51 [INFO]: getUserProfile endpoint hit.
2026-01-31 00:43:48 [INFO]: getUserProfile endpoint hit.
2026-01-31 00:43:49 [INFO]: getUserProfile endpoint hit.
2026-01-31 00:43:57 [INFO]: getUserProfile endpoint hit.
2026-01-31 00:43:57 [INFO]: getUserProfile endpoint hit.
2026-01-31 00:44:11 [INFO]: getUserProfile endpoint hit.
2026-01-31 00:44:12 [INFO]: getUserProfile endpoint hit.
2026-01-31 00:44:16 [INFO]: getUserProfile endpoint hit.
2026-01-31 00:44:16 [INFO]: getUserProfile endpoint hit.
2026-01-31 00:44:24 [INFO]: getUserProfile endpoint hit.
2026-01-31 00:44:25 [INFO]: getUserProfile endpoint hit.
2026-01-31 00:50:13 [INFO]: getUserProfile endpoint hit.
2026-01-31 00:50:13 [INFO]: getUserProfile endpoint hit.
2026-01-31 00:55:21 [INFO]: get all problem endpoint hit......
2026-01-31 00:55:21 [INFO]: get all problem endpoint hit......
2026-01-31 00:55:24 [INFO]: get a single problem endpoint hit......
2026-01-31 00:55:24 [INFO]: get a single problem endpoint hit......
2026-01-31 00:55:26 [INFO]: get all problem endpoint hit......
2026-01-31 00:55:27 [INFO]: get all problem endpoint hit......
2026-01-31 00:55:30 [INFO]: getUserProfile endpoint hit.
2026-01-31 00:55:30 [INFO]: getUserProfile endpoint hit.
2026-01-31 00:57:57 [INFO]: getUserProfile endpoint hit.
2026-01-31 00:57:57 [INFO]: getUserProfile endpoint hit.
2026-01-31 00:58:46 [INFO]: get all problem endpoint hit......
2026-01-31 00:58:46 [INFO]: get all problem endpoint hit......
2026-01-31 00:58:49 [INFO]: get a single problem endpoint hit......
2026-01-31 00:58:49 [INFO]: get a single problem endpoint hit......
2026-01-31 01:00:51 [INFO]: get all problem endpoint hit......
2026-01-31 01:00:51 [INFO]: get all problem endpoint hit......
2026-01-31 01:00:53 [INFO]: get a single problem endpoint hit......
2026-01-31 01:00:53 [INFO]: get a single problem endpoint hit......
2026-01-31 01:00:55 [INFO]: get all problem endpoint hit......
2026-01-31 01:00:55 [INFO]: get all problem endpoint hit......
2026-01-31 01:00:57 [INFO]: getUserProfile endpoint hit.
2026-01-31 01:00:57 [INFO]: getUserProfile endpoint hit.
2026-01-31 01:04:23 [INFO]: get all problem endpoint hit......
2026-01-31 01:04:23 [INFO]: get all problem endpoint hit......
2026-01-31 01:04:25 [INFO]: get a single problem endpoint hit......
2026-01-31 01:04:25 [INFO]: get a single problem endpoint hit......
2026-01-31 01:04:37 [INFO]: get all problem endpoint hit......
2026-01-31 01:04:37 [INFO]: get all problem endpoint hit......
2026-01-31 01:04:41 [INFO]: getUserProfile endpoint hit.
2026-01-31 01:04:41 [INFO]: getUserProfile endpoint hit.
2026-01-31 01:04:45 [INFO]: get a single problem endpoint hit......
2026-01-31 01:04:45 [INFO]: get a single problem endpoint hit......
2026-01-31 01:06:31 [INFO]: get a single problem endpoint hit......
2026-01-31 01:06:31 [INFO]: get a single problem endpoint hit......
2026-01-31 01:07:10 [INFO]: getUserProfile endpoint hit.
2026-01-31 01:07:10 [INFO]: getUserProfile endpoint hit.
2026-01-31 01:09:24 [INFO]: get all problem endpoint hit......
2026-01-31 01:09:24 [INFO]: get all problem endpoint hit......
2026-01-31 01:09:30 [INFO]: get all problem endpoint hit......
2026-01-31 01:09:30 [INFO]: get all problem endpoint hit......
2026-01-31 01:09:48 [INFO]: get all user endpoints hit..
2026-01-31 01:09:48 [INFO]: get all user endpoints hit..
2026-01-31 01:09:50 [INFO]: get all user endpoints hit..
2026-01-31 01:09:50 [INFO]: get all user endpoints hit..
2026-01-31 01:33:23 [INFO]: create problem end point hit....
2026-01-31 01:33:23 [ERROR]: error while creating a problem :Problem validation failed: difficulty: `EASY` is not a valid enum value for path `difficulty`.
2026-01-31 01:34:28 [INFO]: create problem end point hit....
2026-01-31 01:38:53 [INFO]: create problem end point hit....
2026-01-31 01:38:54 [ERROR]: error while creating a problem :Problem validation failed: difficulty: `EASY` is not a valid enum value for path `difficulty`.
2026-01-31 01:41:07 [INFO]: create problem end point hit....
2026-01-31 01:41:15 [INFO]: get all problem endpoint hit......
2026-01-31 01:41:15 [INFO]: get all problem endpoint hit......
2026-01-31 01:41:18 [INFO]: get a single problem endpoint hit......
2026-01-31 01:41:18 [INFO]: get a single problem endpoint hit......
2026-01-31 01:41:29 [INFO]: get all problem endpoint hit......
2026-01-31 01:41:29 [INFO]: get all problem endpoint hit......
2026-01-31 02:45:21 [INFO]: get all problem endpoint hit......
2026-01-31 02:45:21 [INFO]: get all problem endpoint hit......
2026-01-31 02:46:43 [INFO]: get all problem endpoint hit......
2026-01-31 02:46:43 [INFO]: get all problem endpoint hit......
2026-01-31 02:47:05 [INFO]: get all problem endpoint hit......
2026-01-31 02:47:05 [INFO]: get all problem endpoint hit......
2026-01-31 02:48:59 [INFO]: get all problem endpoint hit......
2026-01-31 02:48:59 [INFO]: get all problem endpoint hit......
2026-01-31 02:49:01 [INFO]: get a single problem endpoint hit......
2026-01-31 02:49:01 [INFO]: get a single problem endpoint hit......
2026-01-31 02:49:06 [INFO]: get all problem endpoint hit......
2026-01-31 02:49:06 [INFO]: get all problem endpoint hit......
2026-01-31 02:49:06 [INFO]: get all problem endpoint hit......
2026-01-31 02:49:06 [INFO]: get all problem endpoint hit......
2026-01-31 02:50:38 [INFO]: get a single problem endpoint hit......
2026-01-31 02:50:38 [INFO]: get a single problem endpoint hit......
2026-01-31 02:50:42 [INFO]: get all problem endpoint hit......
2026-01-31 02:50:42 [INFO]: get all problem endpoint hit......
2026-01-31 02:50:44 [INFO]: get a single problem endpoint hit......
2026-01-31 02:50:44 [INFO]: get a single problem endpoint hit......
2026-01-31 02:50:45 [INFO]: get all problem endpoint hit......
2026-01-31 02:50:45 [INFO]: get all problem endpoint hit......
2026-01-31 02:50:47 [INFO]: get a single problem endpoint hit......
2026-01-31 02:50:47 [INFO]: get a single problem endpoint hit......
2026-01-31 02:50:48 [INFO]: get all problem endpoint hit......
2026-01-31 02:50:48 [INFO]: get all problem endpoint hit......
2026-01-31 02:50:49 [INFO]: get a single problem endpoint hit......
2026-01-31 02:50:49 [INFO]: get a single problem endpoint hit......
2026-01-31 02:50:51 [INFO]: get all problem endpoint hit......
2026-01-31 02:50:51 [INFO]: get all problem endpoint hit......
2026-01-31 03:08:44 [INFO]: get a single problem endpoint hit......
2026-01-31 03:08:44 [INFO]: get a single problem endpoint hit......
2026-01-31 03:08:55 [INFO]: get a single problem endpoint hit......
2026-01-31 03:08:55 [INFO]: get a single problem endpoint hit......
2026-01-31 03:09:03 [INFO]: get all problem endpoint hit......
2026-01-31 03:09:03 [INFO]: get all problem endpoint hit......
2026-01-31 03:09:06 [INFO]: get a single problem endpoint hit......
2026-01-31 03:09:06 [INFO]: get a single problem endpoint hit......
2026-01-31 03:09:46 [INFO]: get all problem endpoint hit......
2026-01-31 03:09:46 [INFO]: get all problem endpoint hit......
2026-01-31 03:09:47 [INFO]: get a single problem endpoint hit......
2026-01-31 03:09:47 [INFO]: get a single problem endpoint hit......
2026-01-31 03:09:53 [INFO]: get a single problem endpoint hit......
2026-01-31 03:09:53 [INFO]: get a single problem endpoint hit......
2026-01-31 03:20:44 [INFO]: get a single problem endpoint hit......
2026-01-31 03:20:44 [INFO]: get a single problem endpoint hit......
2026-01-31 03:21:20 [INFO]: get all problem endpoint hit......
2026-01-31 03:21:20 [INFO]: get all problem endpoint hit......
2026-01-31 03:21:34 [INFO]: get all problem endpoint hit......
2026-01-31 03:21:35 [INFO]: get all problem endpoint hit......
2026-01-31 03:22:18 [INFO]: get all problem endpoint hit......
2026-01-31 03:22:18 [INFO]: get all problem endpoint hit......
2026-01-31 03:22:22 [INFO]: get all problem endpoint hit......
2026-01-31 03:22:22 [INFO]: get all problem endpoint hit......
2026-01-31 03:25:30 [INFO]: create problem end point hit....
2026-01-31 03:26:57 [INFO]: create problem end point hit....
2026-01-31 03:28:30 [INFO]: create problem end point hit....
2026-01-31 03:30:21 [INFO]: create problem end point hit....
2026-01-31 03:31:39 [INFO]: create problem end point hit....
2026-01-31 03:31:55 [INFO]: get all problem endpoint hit......
2026-01-31 03:31:55 [INFO]: get all problem endpoint hit......
2026-01-31 03:32:02 [INFO]: get a single problem endpoint hit......
2026-01-31 03:32:02 [INFO]: get a single problem endpoint hit......
2026-01-31 03:32:05 [INFO]: get a single problem endpoint hit......
2026-01-31 03:32:05 [INFO]: get a single problem endpoint hit......
2026-01-31 03:32:10 [INFO]: get all problem endpoint hit......
2026-01-31 03:32:10 [INFO]: get all problem endpoint hit......
2026-01-31 03:32:12 [INFO]: get a single problem endpoint hit......
2026-01-31 03:32:12 [INFO]: get a single problem endpoint hit......
2026-01-31 03:32:15 [INFO]: get a single problem endpoint hit......
2026-01-31 03:32:15 [INFO]: get a single problem endpoint hit......
2026-01-31 03:32:17 [INFO]: get all problem endpoint hit......
2026-01-31 03:32:17 [INFO]: get all problem endpoint hit......
2026-01-31 03:32:18 [INFO]: get a single problem endpoint hit......
2026-01-31 03:32:18 [INFO]: get a single problem endpoint hit......
2026-01-31 03:32:27 [INFO]: get all problem endpoint hit......
2026-01-31 03:32:27 [INFO]: get all problem endpoint hit......
2026-01-31 03:32:29 [INFO]: get a single problem endpoint hit......
2026-01-31 03:32:29 [INFO]: get a single problem endpoint hit......
2026-01-31 03:32:32 [INFO]: get a single problem endpoint hit......
2026-01-31 03:32:32 [INFO]: get a single problem endpoint hit......
2026-01-31 03:32:38 [INFO]: get all problem endpoint hit......
2026-01-31 03:32:38 [INFO]: get all problem endpoint hit......
2026-01-31 03:32:40 [INFO]: get a single problem endpoint hit......
2026-01-31 03:32:40 [INFO]: get a single problem endpoint hit......
2026-01-31 03:32:44 [INFO]: get a single problem endpoint hit......
2026-01-31 03:32:44 [INFO]: get a single problem endpoint hit......
2026-01-31 03:32:47 [INFO]: get all problem endpoint hit......
2026-01-31 03:32:48 [INFO]: get all problem endpoint hit......
2026-01-31 03:32:50 [INFO]: get a single problem endpoint hit......
2026-01-31 03:32:50 [INFO]: get a single problem endpoint hit......
2026-01-31 03:33:11 [INFO]: get all problem endpoint hit......
2026-01-31 03:33:11 [INFO]: get all problem endpoint hit......
2026-01-31 03:34:10 [INFO]: get all problem endpoint hit......
2026-01-31 03:34:10 [INFO]: get all problem endpoint hit......
2026-01-31 03:34:25 [INFO]: get a single problem endpoint hit......
2026-01-31 03:34:25 [INFO]: get a single problem endpoint hit......
2026-01-31 03:38:35 [INFO]: get a single problem endpoint hit......
2026-01-31 03:38:35 [INFO]: get a single problem endpoint hit......
2026-01-31 03:40:19 [INFO]: get a single problem endpoint hit......
2026-01-31 03:40:19 [INFO]: get a single problem endpoint hit......
2026-01-31 03:40:21 [INFO]: get all problem endpoint hit......
2026-01-31 03:40:21 [INFO]: get all problem endpoint hit......
2026-01-31 03:41:00 [INFO]: get all problem endpoint hit......
2026-01-31 03:41:00 [INFO]: get all problem endpoint hit......
2026-01-31 03:42:05 [INFO]: getUserProfile endpoint hit.
2026-01-31 03:42:05 [INFO]: getUserProfile endpoint hit.
2026-01-31 03:42:58 [INFO]: getUserProfile endpoint hit.
2026-01-31 03:42:58 [INFO]: getUserProfile endpoint hit.
2026-01-31 03:43:04 [INFO]: getUserProfile endpoint hit.
2026-01-31 03:43:04 [INFO]: getUserProfile endpoint hit.
2026-01-31 03:43:13 [INFO]: get a single problem endpoint hit......
2026-01-31 03:43:14 [INFO]: get a single problem endpoint hit......
2026-01-31 03:43:31 [INFO]: get all problem endpoint hit......
2026-01-31 03:43:31 [INFO]: get all problem endpoint hit......
2026-01-31 03:43:56 [INFO]: getUserProfile endpoint hit.
2026-01-31 03:43:56 [INFO]: getUserProfile endpoint hit.
2026-01-31 03:44:03 [INFO]: getUserProfile endpoint hit.
2026-01-31 03:44:07 [INFO]: getUserProfile endpoint hit.
2026-01-31 03:44:10 [INFO]: getUserProfile endpoint hit.
2026-01-31 03:44:12 [INFO]: getUserProfile endpoint hit.
2026-01-31 03:44:16 [INFO]: getUserProfile endpoint hit.
2026-02-21 23:14:24 [ERROR]: error while user sign in
