2026-01-21 03:41:57 [ERROR]: error while user sign in
2026-01-21 03:42:41 [ERROR]: error while user sign in
2026-01-21 03:45:23 [ERROR]: error while user sign in
2026-01-21 03:47:13 [ERROR]: error while user sign in
2026-01-21 03:54:45 [ERROR]: error while getting user Profile.
2026-01-21 04:07:57 [ERROR]: ReferenceError: sendEmail is not defined
    at userSignup (file:///C:/Users/ankes/Desktop/Talent-Iq/backend/src/controllers/userController.js:39:5)
    at process.processTicksAndRejections (node:internal/process/task_queues:103:5)
2026-01-23 11:18:15 [ERROR]: error while getting submission :problemId is not defined
2026-01-23 11:18:18 [ERROR]: error while getting submission :problemId is not defined
2026-01-23 11:24:58 [ERROR]: error while getting problem submission :res.staus is not a function
2026-01-23 11:34:24 [ERROR]: error while getting submission :Cast to ObjectId failed for value "{ submissionId: '697279630efa9845ff4c0bb8' }" (type Object) at path "_id" for model "Submission"
2026-01-23 11:36:07 [ERROR]: error while getting submission :Class constructor ObjectId cannot be invoked without 'new'
2026-01-23 11:36:22 [ERROR]: error while getting submission :Argument passed in does not match the accepted types
2026-01-23 11:40:34 [ERROR]: error while getting problem submission :Cannot destructure property 'problemId' of 'req.body' as it is undefined.
2026-01-23 11:41:24 [ERROR]: error while getting problem submission :Cannot destructure property 'problemId' of 'req.body' as it is undefined.
2026-01-28 01:03:23 [ERROR]: error while getting question stats: Cannot destructure property 'problemId' of 'req.body' as it is undefined.
2026-01-28 01:03:23 [ERROR]: error while getting question stats: Cannot destructure property 'problemId' of 'req.body' as it is undefined.
2026-01-28 01:04:55 [ERROR]: error while getting question stats: Cannot destructure property 'problemId' of 'req.body' as it is undefined.
2026-01-28 01:04:56 [ERROR]: error while getting question stats: Cannot destructure property 'problemId' of 'req.body' as it is undefined.
2026-01-28 01:05:17 [ERROR]: error while getting question stats: Cannot destructure property 'problemId' of 'req.body' as it is undefined.
2026-01-28 01:05:17 [ERROR]: error while getting question stats: Cannot destructure property 'problemId' of 'req.body' as it is undefined.
2026-01-28 01:05:24 [ERROR]: error while getting question stats: Cannot destructure property 'problemId' of 'req.body' as it is undefined.
2026-01-28 01:05:25 [ERROR]: error while getting question stats: Cannot destructure property 'problemId' of 'req.body' as it is undefined.
2026-01-28 01:05:30 [ERROR]: error while getting question stats: Cannot destructure property 'problemId' of 'req.body' as it is undefined.
2026-01-28 01:05:30 [ERROR]: error while getting question stats: Cannot destructure property 'problemId' of 'req.body' as it is undefined.
2026-01-28 01:05:35 [ERROR]: error while getting question stats: Cannot destructure property 'problemId' of 'req.body' as it is undefined.
2026-01-28 01:05:35 [ERROR]: error while getting question stats: Cannot destructure property 'problemId' of 'req.body' as it is undefined.
2026-01-28 01:05:42 [ERROR]: error while getting question stats: Cannot destructure property 'problemId' of 'req.body' as it is undefined.
2026-01-28 01:05:42 [ERROR]: error while getting question stats: Cannot destructure property 'problemId' of 'req.body' as it is undefined.
2026-01-28 01:05:48 [ERROR]: error while getting question stats: Cannot destructure property 'problemId' of 'req.body' as it is undefined.
2026-01-28 01:05:48 [ERROR]: error while getting question stats: Cannot destructure property 'problemId' of 'req.body' as it is undefined.
2026-01-28 01:10:48 [ERROR]: error while getting question stats: Cannot destructure property 'problemId' of 'req.body' as it is undefined.
2026-01-28 01:10:48 [ERROR]: error while getting question stats: Cannot destructure property 'problemId' of 'req.body' as it is undefined.
2026-01-28 01:13:40 [ERROR]: error while getting question stats: Cannot destructure property 'problemId' of 'req.body' as it is undefined.
2026-01-28 01:13:40 [ERROR]: error while getting question stats: Cannot destructure property 'problemId' of 'req.body' as it is undefined.
2026-01-28 01:14:23 [ERROR]: error while getting question stats: Cannot destructure property 'problemId' of 'req.body' as it is undefined.
2026-01-28 01:14:23 [ERROR]: error while getting question stats: Cannot destructure property 'problemId' of 'req.body' as it is undefined.
2026-01-28 01:14:24 [ERROR]: error while getting question stats: Cannot destructure property 'problemId' of 'req.body' as it is undefined.
2026-01-28 01:14:24 [ERROR]: error while getting question stats: Cannot destructure property 'problemId' of 'req.body' as it is undefined.
2026-01-28 01:14:25 [ERROR]: error while getting question stats: Cannot destructure property 'problemId' of 'req.body' as it is undefined.
2026-01-28 01:14:25 [ERROR]: error while getting question stats: Cannot destructure property 'problemId' of 'req.body' as it is undefined.
2026-01-28 01:16:30 [ERROR]: error while getting question stats: Cannot destructure property 'problemId' of 'req.body' as it is undefined.
2026-01-28 01:16:30 [ERROR]: error while getting question stats: Cannot destructure property 'problemId' of 'req.body' as it is undefined.
2026-01-28 01:16:33 [ERROR]: error while getting question stats: Cannot destructure property 'problemId' of 'req.body' as it is undefined.
2026-01-28 01:16:33 [ERROR]: error while getting question stats: Cannot destructure property 'problemId' of 'req.body' as it is undefined.
2026-01-28 01:16:47 [ERROR]: error while getting question stats: Cannot destructure property 'problemId' of 'req.body' as it is undefined.
2026-01-28 01:16:47 [ERROR]: error while getting question stats: Cannot destructure property 'problemId' of 'req.body' as it is undefined.
2026-01-28 01:20:21 [ERROR]: error while getting question stats: Cannot destructure property 'problemId' of 'req.body' as it is undefined.
2026-01-28 01:20:21 [ERROR]: error while getting question stats: Cannot destructure property 'problemId' of 'req.body' as it is undefined.
2026-01-28 01:20:39 [ERROR]: error while getting question stats: Cannot destructure property 'problemId' of 'req.body' as it is undefined.
2026-01-28 01:20:39 [ERROR]: error while getting question stats: Cannot destructure property 'problemId' of 'req.body' as it is undefined.
2026-01-28 01:27:27 [ERROR]: error while getting a single problem :Cast to ObjectId failed for value "696e933e23962c3153a8202" (type string) at path "_id" for model "Problem"
2026-01-28 01:27:32 [ERROR]: error while getting a single problem :Cast to ObjectId failed for value "696e933e23962c3153a8202" (type string) at path "_id" for model "Problem"
2026-01-31 01:33:23 [ERROR]: error while creating a problem :Problem validation failed: difficulty: `EASY` is not a valid enum value for path `difficulty`.
2026-01-31 01:38:54 [ERROR]: error while creating a problem :Problem validation failed: difficulty: `EASY` is not a valid enum value for path `difficulty`.
2026-02-21 23:14:24 [ERROR]: error while user sign in
